<?xml version="1.0" encoding="UTF-8"?>
<testsuite xmlns:xsi="http://www.w3.org/2001/XMLSchema-instance" xsi:noNamespaceSchemaLocation="https://maven.apache.org/surefire/maven-surefire-plugin/xsd/surefire-test-report.xsd" version="3.0.2" name="lambdaFuntion.LambdaFuntionApplicationTests" time="7.32" tests="1" errors="0" skipped="0" failures="0">
  <properties>
[...]
</properties>
  <testcase name="contextLoads" classname="lambdaFuntion.LambdaFuntionApplicationTests" time="1.867">
    <system-out><![CDATA[01:08:48.361 [main] INFO org.springframework.test.context.support.AnnotationConfigContextLoaderUtils -- Could not detect default configuration classes for test class [lambdaFuntion.LambdaFuntionApplicationTests]: LambdaFuntionApplicationTests does not declare any static, non-private, non-final, nested classes annotated with @Configuration.
01:08:48.684 [main] INFO org.springframework.boot.test.context.SpringBootTestContextBootstrapper -- Found @SpringBootConfiguration lambdaFuntion.LambdaFuntionApplication for test class lambdaFuntion.LambdaFuntionApplicationTests

  .   ____          _            __ _ _
 /\\ / ___'_ __ _ _(_)_ __  __ _ \ \ \ \
( ( )\___ | '_ | '_| | '_ \/ _` | \ \ \ \
 \\/  ___)| |_)| | | | | || (_| |  ) ) ) )
  '  |____| .__|_| |_|_| |_\__, | / / / /
 =========|_|==============|___/=/_/_/_/

 :: Spring Boot ::                (v3.4.3)

2025-03-08T01:08:50.326-03:00  INFO 5984 --- [LambdaFuntion] [           main] l.LambdaFuntionApplicationTests          : Starting LambdaFuntionApplicationTests using Java 17.0.11 with PID 5984 (started by bernardocornejo in /Users/bernardocornejo/Documents/Java/LambdaFuntion)
2025-03-08T01:08:50.330-03:00  INFO 5984 --- [LambdaFuntion] [           main] l.LambdaFuntionApplicationTests          : No active profile set, falling back to 1 default profile: "default"
2025-03-08T01:08:53.264-03:00  INFO 5984 --- [LambdaFuntion] [           main] o.s.c.f.web.mvc.FunctionHandlerMapping   : FunctionCatalog: org.springframework.cloud.function.context.catalog.BeanFactoryAwareFunctionRegistry@7c281eb8
2025-03-08T01:08:53.311-03:00  INFO 5984 --- [LambdaFuntion] [           main] l.LambdaFuntionApplicationTests          : Started LambdaFuntionApplicationTests in 4.045 seconds (process running for 6.916)
]]></system-out>
  </testcase>
</testsuite>